check
 * Serving Flask app '__init__'
 * Debug mode: on
INFO:werkzeug:[31m[1mWARNING: This is a development server. Do not use it in a production deployment. Use a production WSGI server instead.[0m
 * Running on http://127.0.0.1:5000
INFO:werkzeug:[33mPress CTRL+C to quit[0m
INFO:werkzeug: * Restarting with stat
WARNING:werkzeug: * Debugger is active!
INFO:werkzeug: * Debugger PIN: 333-893-474
DEBUG:routes:
    Request:
    - Method: OPTIONS
    - URL: http://127.0.0.1:5000/tasks/0f0e94da-887c-4ba1-8489-53519ef4358f
    - Headers: {'Host': '127.0.0.1:5000', 'Connection': 'keep-alive', 'Accept': '*/*', 'Access-Control-Request-Method': 'GET', 'Access-Control-Request-Headers': 'authorization', 'Origin': 'http://localhost:8080', 'User-Agent': 'Mozilla/5.0 (Macintosh; Intel Mac OS X 10_15_7) AppleWebKit/537.36 (KHTML, like Gecko) Chrome/130.0.0.0 Safari/537.36', 'Sec-Fetch-Mode': 'cors', 'Sec-Fetch-Site': 'cross-site', 'Sec-Fetch-Dest': 'empty', 'Referer': 'http://localhost:8080/', 'Accept-Encoding': 'gzip, deflate, br, zstd', 'Accept-Language': 'en-GB,en-US;q=0.9,en;q=0.8'}
    - Data: None
    
DEBUG:routes:
    Response:
    - Status: 200
    - Headers: {'Content-Type': 'text/html; charset=utf-8', 'Allow': 'GET, OPTIONS, PUT, HEAD'}
    - Data: 
    
INFO:werkzeug:127.0.0.1 - - [15/Nov/2024 08:00:17] "OPTIONS /tasks/0f0e94da-887c-4ba1-8489-53519ef4358f HTTP/1.1" 200 -
DEBUG:routes:
    Request:
    - Method: OPTIONS
    - URL: http://127.0.0.1:5000/tasks?status=pending
    - Headers: {'Host': '127.0.0.1:5000', 'Connection': 'keep-alive', 'Accept': '*/*', 'Access-Control-Request-Method': 'GET', 'Access-Control-Request-Headers': 'authorization', 'Origin': 'http://localhost:8080', 'User-Agent': 'Mozilla/5.0 (Macintosh; Intel Mac OS X 10_15_7) AppleWebKit/537.36 (KHTML, like Gecko) Chrome/130.0.0.0 Safari/537.36', 'Sec-Fetch-Mode': 'cors', 'Sec-Fetch-Site': 'cross-site', 'Sec-Fetch-Dest': 'empty', 'Referer': 'http://localhost:8080/', 'Accept-Encoding': 'gzip, deflate, br, zstd', 'Accept-Language': 'en-GB,en-US;q=0.9,en;q=0.8'}
    - Data: None
    
DEBUG:routes:
    Response:
    - Status: 200
    - Headers: {'Content-Type': 'text/html; charset=utf-8', 'Allow': 'OPTIONS, POST'}
    - Data: 
    
INFO:werkzeug:127.0.0.1 - - [15/Nov/2024 08:00:17] "OPTIONS /tasks?status=pending HTTP/1.1" 200 -
DEBUG:routes:
    Request:
    - Method: GET
    - URL: http://127.0.0.1:5000/tasks/0f0e94da-887c-4ba1-8489-53519ef4358f
    - Headers: {'Host': '127.0.0.1:5000', 'Connection': 'keep-alive', 'Sec-Ch-Ua-Platform': '"macOS"', 'Authorization': 'Bearer eyJhbGciOiJIUzI1NiIsInR5cCI6IkpXVCJ9.eyJ1c2VyX2lkIjoiMGYwZTk0ZGEtODg3Yy00YmExLTg0ODktNTM1MTllZjQzNThmIiwiZW1haWwiOiJhdmluYXNobmFuZHlhbGE5MjFAZ21haWwuY29tIiwiZXhwIjoxNzMxNzYxMzEyfQ.W2370ZApqMPwy3A1s28fQi63Q7RluwfyVNILroRbpIk', 'User-Agent': 'Mozilla/5.0 (Macintosh; Intel Mac OS X 10_15_7) AppleWebKit/537.36 (KHTML, like Gecko) Chrome/130.0.0.0 Safari/537.36', 'Sec-Ch-Ua': '"Chromium";v="130", "Google Chrome";v="130", "Not?A_Brand";v="99"', 'Sec-Ch-Ua-Mobile': '?0', 'Accept': '*/*', 'Origin': 'http://localhost:8080', 'Sec-Fetch-Site': 'cross-site', 'Sec-Fetch-Mode': 'cors', 'Sec-Fetch-Dest': 'empty', 'Referer': 'http://localhost:8080/', 'Accept-Encoding': 'gzip, deflate, br, zstd', 'Accept-Language': 'en-GB,en-US;q=0.9,en;q=0.8'}
    - Data: None
    
DEBUG:routes:
    Request:
    - Method: GET
    - URL: http://127.0.0.1:5000/tasks?status=pending
    - Headers: {'Host': '127.0.0.1:5000', 'Connection': 'keep-alive', 'Sec-Ch-Ua-Platform': '"macOS"', 'Authorization': 'Bearer eyJhbGciOiJIUzI1NiIsInR5cCI6IkpXVCJ9.eyJ1c2VyX2lkIjoiMGYwZTk0ZGEtODg3Yy00YmExLTg0ODktNTM1MTllZjQzNThmIiwiZW1haWwiOiJhdmluYXNobmFuZHlhbGE5MjFAZ21haWwuY29tIiwiZXhwIjoxNzMxNzYxMzEyfQ.W2370ZApqMPwy3A1s28fQi63Q7RluwfyVNILroRbpIk', 'User-Agent': 'Mozilla/5.0 (Macintosh; Intel Mac OS X 10_15_7) AppleWebKit/537.36 (KHTML, like Gecko) Chrome/130.0.0.0 Safari/537.36', 'Sec-Ch-Ua': '"Chromium";v="130", "Google Chrome";v="130", "Not?A_Brand";v="99"', 'Sec-Ch-Ua-Mobile': '?0', 'Accept': '*/*', 'Origin': 'http://localhost:8080', 'Sec-Fetch-Site': 'cross-site', 'Sec-Fetch-Mode': 'cors', 'Sec-Fetch-Dest': 'empty', 'Referer': 'http://localhost:8080/', 'Accept-Encoding': 'gzip, deflate, br, zstd', 'Accept-Language': 'en-GB,en-US;q=0.9,en;q=0.8'}
    - Data: None
    
DEBUG:routes:
    Response:
    - Status: 405
    - Headers: {'Content-Type': 'text/html; charset=utf-8', 'Allow': 'OPTIONS, POST', 'Content-Length': '153', 'Access-Control-Allow-Origin': 'http://localhost:8080', 'Vary': 'Origin'}
    - Data: <!doctype html>
<html lang=en>
<title>405 Method Not Allowed</title>
<h1>Method Not Allowed</h1>
<p>The method is not allowed for the requested URL.</p>

    
INFO:werkzeug:127.0.0.1 - - [15/Nov/2024 08:00:17] "[31m[1mGET /tasks?status=pending HTTP/1.1[0m" 405 -
DEBUG:urllib3.connectionpool:Starting new HTTP connection (1): localhost:5002
DEBUG:urllib3.connectionpool:http://localhost:5002 "GET /tasks/0f0e94da-887c-4ba1-8489-53519ef4358f HTTP/11" 200 3
DEBUG:routes:
    Response:
    - Status: 200
    - Headers: {'Content-Type': 'application/json', 'Content-Length': '3'}
    - Data: []

    
INFO:werkzeug:127.0.0.1 - - [15/Nov/2024 08:00:17] "GET /tasks/0f0e94da-887c-4ba1-8489-53519ef4358f HTTP/1.1" 200 -
DEBUG:routes:
    Request:
    - Method: GET
    - URL: http://127.0.0.1:5000/tasks?status=pending
    - Headers: {'Host': '127.0.0.1:5000', 'Connection': 'keep-alive', 'Sec-Ch-Ua-Platform': '"macOS"', 'Authorization': 'Bearer eyJhbGciOiJIUzI1NiIsInR5cCI6IkpXVCJ9.eyJ1c2VyX2lkIjoiMGYwZTk0ZGEtODg3Yy00YmExLTg0ODktNTM1MTllZjQzNThmIiwiZW1haWwiOiJhdmluYXNobmFuZHlhbGE5MjFAZ21haWwuY29tIiwiZXhwIjoxNzMxNzYxMzEyfQ.W2370ZApqMPwy3A1s28fQi63Q7RluwfyVNILroRbpIk', 'User-Agent': 'Mozilla/5.0 (Macintosh; Intel Mac OS X 10_15_7) AppleWebKit/537.36 (KHTML, like Gecko) Chrome/130.0.0.0 Safari/537.36', 'Sec-Ch-Ua': '"Chromium";v="130", "Google Chrome";v="130", "Not?A_Brand";v="99"', 'Sec-Ch-Ua-Mobile': '?0', 'Accept': '*/*', 'Origin': 'http://localhost:8080', 'Sec-Fetch-Site': 'cross-site', 'Sec-Fetch-Mode': 'cors', 'Sec-Fetch-Dest': 'empty', 'Referer': 'http://localhost:8080/', 'Accept-Encoding': 'gzip, deflate, br, zstd', 'Accept-Language': 'en-GB,en-US;q=0.9,en;q=0.8'}
    - Data: None
    
DEBUG:routes:
    Response:
    - Status: 405
    - Headers: {'Content-Type': 'text/html; charset=utf-8', 'Allow': 'OPTIONS, POST', 'Content-Length': '153', 'Access-Control-Allow-Origin': 'http://localhost:8080', 'Vary': 'Origin'}
    - Data: <!doctype html>
<html lang=en>
<title>405 Method Not Allowed</title>
<h1>Method Not Allowed</h1>
<p>The method is not allowed for the requested URL.</p>

    
INFO:werkzeug:127.0.0.1 - - [15/Nov/2024 08:00:20] "[31m[1mGET /tasks?status=pending HTTP/1.1[0m" 405 -
DEBUG:routes:
    Request:
    - Method: OPTIONS
    - URL: http://127.0.0.1:5000/suggestions?q=a
    - Headers: {'Host': '127.0.0.1:5000', 'Connection': 'keep-alive', 'Accept': '*/*', 'Access-Control-Request-Method': 'GET', 'Access-Control-Request-Headers': 'authorization', 'Origin': 'http://localhost:8080', 'User-Agent': 'Mozilla/5.0 (Macintosh; Intel Mac OS X 10_15_7) AppleWebKit/537.36 (KHTML, like Gecko) Chrome/130.0.0.0 Safari/537.36', 'Sec-Fetch-Mode': 'cors', 'Sec-Fetch-Site': 'cross-site', 'Sec-Fetch-Dest': 'empty', 'Referer': 'http://localhost:8080/', 'Accept-Encoding': 'gzip, deflate, br, zstd', 'Accept-Language': 'en-GB,en-US;q=0.9,en;q=0.8'}
    - Data: None
    
DEBUG:routes:
    Response:
    - Status: 200
    - Headers: {'Content-Type': 'text/html; charset=utf-8', 'Allow': 'GET, OPTIONS, HEAD'}
    - Data: 
    
INFO:werkzeug:127.0.0.1 - - [15/Nov/2024 08:00:23] "OPTIONS /suggestions?q=a HTTP/1.1" 200 -
DEBUG:routes:
    Request:
    - Method: GET
    - URL: http://127.0.0.1:5000/suggestions?q=a
    - Headers: {'Host': '127.0.0.1:5000', 'Connection': 'keep-alive', 'Sec-Ch-Ua-Platform': '"macOS"', 'Authorization': 'Bearer eyJhbGciOiJIUzI1NiIsInR5cCI6IkpXVCJ9.eyJ1c2VyX2lkIjoiMGYwZTk0ZGEtODg3Yy00YmExLTg0ODktNTM1MTllZjQzNThmIiwiZW1haWwiOiJhdmluYXNobmFuZHlhbGE5MjFAZ21haWwuY29tIiwiZXhwIjoxNzMxNzYxMzEyfQ.W2370ZApqMPwy3A1s28fQi63Q7RluwfyVNILroRbpIk', 'User-Agent': 'Mozilla/5.0 (Macintosh; Intel Mac OS X 10_15_7) AppleWebKit/537.36 (KHTML, like Gecko) Chrome/130.0.0.0 Safari/537.36', 'Sec-Ch-Ua': '"Chromium";v="130", "Google Chrome";v="130", "Not?A_Brand";v="99"', 'Sec-Ch-Ua-Mobile': '?0', 'Accept': '*/*', 'Origin': 'http://localhost:8080', 'Sec-Fetch-Site': 'cross-site', 'Sec-Fetch-Mode': 'cors', 'Sec-Fetch-Dest': 'empty', 'Referer': 'http://localhost:8080/', 'Accept-Encoding': 'gzip, deflate, br, zstd', 'Accept-Language': 'en-GB,en-US;q=0.9,en;q=0.8'}
    - Data: None
    
DEBUG:urllib3.connectionpool:Starting new HTTP connection (1): localhost:5003
DEBUG:urllib3.connectionpool:http://localhost:5003 "GET /suggestions?q=a HTTP/11" 200 53
DEBUG:routes:
    Response:
    - Status: 200
    - Headers: {'Content-Type': 'application/json', 'Content-Length': '78'}
    - Data: [
  {
    "frequency": 1,
    "score": 0.8,
    "task_text": "an apple"
  }
]

    
INFO:werkzeug:127.0.0.1 - - [15/Nov/2024 08:00:23] "GET /suggestions?q=a HTTP/1.1" 200 -
DEBUG:routes:
    Request:
    - Method: OPTIONS
    - URL: http://127.0.0.1:5000/suggestions?q=as
    - Headers: {'Host': '127.0.0.1:5000', 'Connection': 'keep-alive', 'Accept': '*/*', 'Access-Control-Request-Method': 'GET', 'Access-Control-Request-Headers': 'authorization', 'Origin': 'http://localhost:8080', 'User-Agent': 'Mozilla/5.0 (Macintosh; Intel Mac OS X 10_15_7) AppleWebKit/537.36 (KHTML, like Gecko) Chrome/130.0.0.0 Safari/537.36', 'Sec-Fetch-Mode': 'cors', 'Sec-Fetch-Site': 'cross-site', 'Sec-Fetch-Dest': 'empty', 'Referer': 'http://localhost:8080/', 'Accept-Encoding': 'gzip, deflate, br, zstd', 'Accept-Language': 'en-GB,en-US;q=0.9,en;q=0.8'}
    - Data: None
    
DEBUG:routes:
    Response:
    - Status: 200
    - Headers: {'Content-Type': 'text/html; charset=utf-8', 'Allow': 'GET, OPTIONS, HEAD'}
    - Data: 
    
INFO:werkzeug:127.0.0.1 - - [15/Nov/2024 08:00:24] "OPTIONS /suggestions?q=as HTTP/1.1" 200 -
DEBUG:routes:
    Request:
    - Method: GET
    - URL: http://127.0.0.1:5000/suggestions?q=as
    - Headers: {'Host': '127.0.0.1:5000', 'Connection': 'keep-alive', 'Sec-Ch-Ua-Platform': '"macOS"', 'Authorization': 'Bearer eyJhbGciOiJIUzI1NiIsInR5cCI6IkpXVCJ9.eyJ1c2VyX2lkIjoiMGYwZTk0ZGEtODg3Yy00YmExLTg0ODktNTM1MTllZjQzNThmIiwiZW1haWwiOiJhdmluYXNobmFuZHlhbGE5MjFAZ21haWwuY29tIiwiZXhwIjoxNzMxNzYxMzEyfQ.W2370ZApqMPwy3A1s28fQi63Q7RluwfyVNILroRbpIk', 'User-Agent': 'Mozilla/5.0 (Macintosh; Intel Mac OS X 10_15_7) AppleWebKit/537.36 (KHTML, like Gecko) Chrome/130.0.0.0 Safari/537.36', 'Sec-Ch-Ua': '"Chromium";v="130", "Google Chrome";v="130", "Not?A_Brand";v="99"', 'Sec-Ch-Ua-Mobile': '?0', 'Accept': '*/*', 'Origin': 'http://localhost:8080', 'Sec-Fetch-Site': 'cross-site', 'Sec-Fetch-Mode': 'cors', 'Sec-Fetch-Dest': 'empty', 'Referer': 'http://localhost:8080/', 'Accept-Encoding': 'gzip, deflate, br, zstd', 'Accept-Language': 'en-GB,en-US;q=0.9,en;q=0.8'}
    - Data: None
    
DEBUG:urllib3.connectionpool:Starting new HTTP connection (1): localhost:5003
DEBUG:urllib3.connectionpool:http://localhost:5003 "GET /suggestions?q=as HTTP/11" 200 3
DEBUG:routes:
    Response:
    - Status: 200
    - Headers: {'Content-Type': 'application/json', 'Content-Length': '3'}
    - Data: []

    
INFO:werkzeug:127.0.0.1 - - [15/Nov/2024 08:00:24] "GET /suggestions?q=as HTTP/1.1" 200 -
DEBUG:routes:
    Request:
    - Method: OPTIONS
    - URL: http://127.0.0.1:5000/suggestions?q=C
    - Headers: {'Host': '127.0.0.1:5000', 'Connection': 'keep-alive', 'Accept': '*/*', 'Access-Control-Request-Method': 'GET', 'Access-Control-Request-Headers': 'authorization', 'Origin': 'http://localhost:8080', 'User-Agent': 'Mozilla/5.0 (Macintosh; Intel Mac OS X 10_15_7) AppleWebKit/537.36 (KHTML, like Gecko) Chrome/130.0.0.0 Safari/537.36', 'Sec-Fetch-Mode': 'cors', 'Sec-Fetch-Site': 'cross-site', 'Sec-Fetch-Dest': 'empty', 'Referer': 'http://localhost:8080/', 'Accept-Encoding': 'gzip, deflate, br, zstd', 'Accept-Language': 'en-GB,en-US;q=0.9,en;q=0.8'}
    - Data: None
    
DEBUG:routes:
    Response:
    - Status: 200
    - Headers: {'Content-Type': 'text/html; charset=utf-8', 'Allow': 'GET, OPTIONS, HEAD'}
    - Data: 
    
INFO:werkzeug:127.0.0.1 - - [15/Nov/2024 08:00:26] "OPTIONS /suggestions?q=C HTTP/1.1" 200 -
DEBUG:routes:
    Request:
    - Method: GET
    - URL: http://127.0.0.1:5000/suggestions?q=C
    - Headers: {'Host': '127.0.0.1:5000', 'Connection': 'keep-alive', 'Sec-Ch-Ua-Platform': '"macOS"', 'Authorization': 'Bearer eyJhbGciOiJIUzI1NiIsInR5cCI6IkpXVCJ9.eyJ1c2VyX2lkIjoiMGYwZTk0ZGEtODg3Yy00YmExLTg0ODktNTM1MTllZjQzNThmIiwiZW1haWwiOiJhdmluYXNobmFuZHlhbGE5MjFAZ21haWwuY29tIiwiZXhwIjoxNzMxNzYxMzEyfQ.W2370ZApqMPwy3A1s28fQi63Q7RluwfyVNILroRbpIk', 'User-Agent': 'Mozilla/5.0 (Macintosh; Intel Mac OS X 10_15_7) AppleWebKit/537.36 (KHTML, like Gecko) Chrome/130.0.0.0 Safari/537.36', 'Sec-Ch-Ua': '"Chromium";v="130", "Google Chrome";v="130", "Not?A_Brand";v="99"', 'Sec-Ch-Ua-Mobile': '?0', 'Accept': '*/*', 'Origin': 'http://localhost:8080', 'Sec-Fetch-Site': 'cross-site', 'Sec-Fetch-Mode': 'cors', 'Sec-Fetch-Dest': 'empty', 'Referer': 'http://localhost:8080/', 'Accept-Encoding': 'gzip, deflate, br, zstd', 'Accept-Language': 'en-GB,en-US;q=0.9,en;q=0.8'}
    - Data: None
    
DEBUG:urllib3.connectionpool:Starting new HTTP connection (1): localhost:5003
DEBUG:urllib3.connectionpool:http://localhost:5003 "GET /suggestions?q=C HTTP/11" 200 3
DEBUG:routes:
    Response:
    - Status: 200
    - Headers: {'Content-Type': 'application/json', 'Content-Length': '3'}
    - Data: []

    
INFO:werkzeug:127.0.0.1 - - [15/Nov/2024 08:00:26] "GET /suggestions?q=C HTTP/1.1" 200 -
DEBUG:routes:
    Request:
    - Method: OPTIONS
    - URL: http://127.0.0.1:5000/suggestions?q=Checking%20
    - Headers: {'Host': '127.0.0.1:5000', 'Connection': 'keep-alive', 'Accept': '*/*', 'Access-Control-Request-Method': 'GET', 'Access-Control-Request-Headers': 'authorization', 'Origin': 'http://localhost:8080', 'User-Agent': 'Mozilla/5.0 (Macintosh; Intel Mac OS X 10_15_7) AppleWebKit/537.36 (KHTML, like Gecko) Chrome/130.0.0.0 Safari/537.36', 'Sec-Fetch-Mode': 'cors', 'Sec-Fetch-Site': 'cross-site', 'Sec-Fetch-Dest': 'empty', 'Referer': 'http://localhost:8080/', 'Accept-Encoding': 'gzip, deflate, br, zstd', 'Accept-Language': 'en-GB,en-US;q=0.9,en;q=0.8'}
    - Data: None
    
DEBUG:routes:
    Response:
    - Status: 200
    - Headers: {'Content-Type': 'text/html; charset=utf-8', 'Allow': 'GET, OPTIONS, HEAD'}
    - Data: 
    
INFO:werkzeug:127.0.0.1 - - [15/Nov/2024 08:00:28] "OPTIONS /suggestions?q=Checking%20 HTTP/1.1" 200 -
DEBUG:routes:
    Request:
    - Method: GET
    - URL: http://127.0.0.1:5000/suggestions?q=Checking%20
    - Headers: {'Host': '127.0.0.1:5000', 'Connection': 'keep-alive', 'Sec-Ch-Ua-Platform': '"macOS"', 'Authorization': 'Bearer eyJhbGciOiJIUzI1NiIsInR5cCI6IkpXVCJ9.eyJ1c2VyX2lkIjoiMGYwZTk0ZGEtODg3Yy00YmExLTg0ODktNTM1MTllZjQzNThmIiwiZW1haWwiOiJhdmluYXNobmFuZHlhbGE5MjFAZ21haWwuY29tIiwiZXhwIjoxNzMxNzYxMzEyfQ.W2370ZApqMPwy3A1s28fQi63Q7RluwfyVNILroRbpIk', 'User-Agent': 'Mozilla/5.0 (Macintosh; Intel Mac OS X 10_15_7) AppleWebKit/537.36 (KHTML, like Gecko) Chrome/130.0.0.0 Safari/537.36', 'Sec-Ch-Ua': '"Chromium";v="130", "Google Chrome";v="130", "Not?A_Brand";v="99"', 'Sec-Ch-Ua-Mobile': '?0', 'Accept': '*/*', 'Origin': 'http://localhost:8080', 'Sec-Fetch-Site': 'cross-site', 'Sec-Fetch-Mode': 'cors', 'Sec-Fetch-Dest': 'empty', 'Referer': 'http://localhost:8080/', 'Accept-Encoding': 'gzip, deflate, br, zstd', 'Accept-Language': 'en-GB,en-US;q=0.9,en;q=0.8'}
    - Data: None
    
DEBUG:urllib3.connectionpool:Starting new HTTP connection (1): localhost:5003
DEBUG:urllib3.connectionpool:http://localhost:5003 "GET /suggestions?q=Checking+ HTTP/11" 200 3
DEBUG:routes:
    Response:
    - Status: 200
    - Headers: {'Content-Type': 'application/json', 'Content-Length': '3'}
    - Data: []

    
INFO:werkzeug:127.0.0.1 - - [15/Nov/2024 08:00:28] "GET /suggestions?q=Checking%20 HTTP/1.1" 200 -
DEBUG:routes:
    Request:
    - Method: OPTIONS
    - URL: http://127.0.0.1:5000/tasks
    - Headers: {'Host': '127.0.0.1:5000', 'Connection': 'keep-alive', 'Accept': '*/*', 'Access-Control-Request-Method': 'POST', 'Access-Control-Request-Headers': 'authorization,content-type', 'Origin': 'http://localhost:8080', 'User-Agent': 'Mozilla/5.0 (Macintosh; Intel Mac OS X 10_15_7) AppleWebKit/537.36 (KHTML, like Gecko) Chrome/130.0.0.0 Safari/537.36', 'Sec-Fetch-Mode': 'cors', 'Sec-Fetch-Site': 'cross-site', 'Sec-Fetch-Dest': 'empty', 'Referer': 'http://localhost:8080/', 'Accept-Encoding': 'gzip, deflate, br, zstd', 'Accept-Language': 'en-GB,en-US;q=0.9,en;q=0.8'}
    - Data: None
    
DEBUG:routes:
    Response:
    - Status: 200
    - Headers: {'Content-Type': 'text/html; charset=utf-8', 'Allow': 'OPTIONS, POST'}
    - Data: 
    
INFO:werkzeug:127.0.0.1 - - [15/Nov/2024 08:00:57] "OPTIONS /tasks HTTP/1.1" 200 -
DEBUG:routes:
    Request:
    - Method: POST
    - URL: http://127.0.0.1:5000/tasks
    - Headers: {'Host': '127.0.0.1:5000', 'Connection': 'keep-alive', 'Content-Length': '104', 'Sec-Ch-Ua-Platform': '"macOS"', 'Authorization': 'Bearer eyJhbGciOiJIUzI1NiIsInR5cCI6IkpXVCJ9.eyJ1c2VyX2lkIjoiMGYwZTk0ZGEtODg3Yy00YmExLTg0ODktNTM1MTllZjQzNThmIiwiZW1haWwiOiJhdmluYXNobmFuZHlhbGE5MjFAZ21haWwuY29tIiwiZXhwIjoxNzMxNzYxMzEyfQ.W2370ZApqMPwy3A1s28fQi63Q7RluwfyVNILroRbpIk', 'User-Agent': 'Mozilla/5.0 (Macintosh; Intel Mac OS X 10_15_7) AppleWebKit/537.36 (KHTML, like Gecko) Chrome/130.0.0.0 Safari/537.36', 'Sec-Ch-Ua': '"Chromium";v="130", "Google Chrome";v="130", "Not?A_Brand";v="99"', 'Content-Type': 'application/json', 'Sec-Ch-Ua-Mobile': '?0', 'Accept': '*/*', 'Origin': 'http://localhost:8080', 'Sec-Fetch-Site': 'cross-site', 'Sec-Fetch-Mode': 'cors', 'Sec-Fetch-Dest': 'empty', 'Referer': 'http://localhost:8080/', 'Accept-Encoding': 'gzip, deflate, br, zstd', 'Accept-Language': 'en-GB,en-US;q=0.9,en;q=0.8'}
    - Data: {'user_id': '0f0e94da-887c-4ba1-8489-53519ef4358f', 'task_text': 'Checking ', 'deadline': '2024-11-15T08:30'}
    
DEBUG:routes:Create task request received with data: {'user_id': '0f0e94da-887c-4ba1-8489-53519ef4358f', 'task_text': 'Checking ', 'deadline': '2024-11-15T08:30'}
DEBUG:urllib3.connectionpool:Starting new HTTP connection (1): localhost:5002
DEBUG:urllib3.connectionpool:http://localhost:5002 "POST /tasks HTTP/11" 201 284
DEBUG:routes:Task created successfully, adding to suggestions
DEBUG:urllib3.connectionpool:Starting new HTTP connection (1): localhost:5003
DEBUG:urllib3.connectionpool:http://localhost:5003 "POST /suggestions/add HTTP/11" 200 52
DEBUG:routes:Suggestion service response: 200
DEBUG:routes:
    Response:
    - Status: 201
    - Headers: {'Content-Type': 'application/json', 'Content-Length': '321'}
    - Data: {
  "completed_at": null,
  "created_at": "Fri, 15 Nov 2024 08:00:57 GMT",
  "deadline": "Fri, 15 Nov 2024 08:30:00 GMT",
  "is_completed": 0,
  "reminder": null,
  "task_id": "437e99eb-c0e4-4113-805c-7a9fc91aae3e",
  "task_text": "Checking ",
  "time_remaining": 0,
  "user_id": "0f0e94da-887c-4ba1-8489-53519ef4358f"
}

    
INFO:werkzeug:127.0.0.1 - - [15/Nov/2024 08:00:57] "[35m[1mPOST /tasks HTTP/1.1[0m" 201 -
DEBUG:routes:
    Request:
    - Method: OPTIONS
    - URL: http://127.0.0.1:5000/tasks/0f0e94da-887c-4ba1-8489-53519ef4358f
    - Headers: {'Host': '127.0.0.1:5000', 'Connection': 'keep-alive', 'Accept': '*/*', 'Access-Control-Request-Method': 'GET', 'Access-Control-Request-Headers': 'authorization', 'Origin': 'http://localhost:8080', 'User-Agent': 'Mozilla/5.0 (Macintosh; Intel Mac OS X 10_15_7) AppleWebKit/537.36 (KHTML, like Gecko) Chrome/130.0.0.0 Safari/537.36', 'Sec-Fetch-Mode': 'cors', 'Sec-Fetch-Site': 'cross-site', 'Sec-Fetch-Dest': 'empty', 'Referer': 'http://localhost:8080/', 'Accept-Encoding': 'gzip, deflate, br, zstd', 'Accept-Language': 'en-GB,en-US;q=0.9,en;q=0.8'}
    - Data: None
    
DEBUG:routes:
    Response:
    - Status: 200
    - Headers: {'Content-Type': 'text/html; charset=utf-8', 'Allow': 'GET, OPTIONS, PUT, HEAD'}
    - Data: 
    
INFO:werkzeug:127.0.0.1 - - [15/Nov/2024 08:00:57] "OPTIONS /tasks/0f0e94da-887c-4ba1-8489-53519ef4358f HTTP/1.1" 200 -
DEBUG:routes:
    Request:
    - Method: GET
    - URL: http://127.0.0.1:5000/tasks/0f0e94da-887c-4ba1-8489-53519ef4358f
    - Headers: {'Host': '127.0.0.1:5000', 'Connection': 'keep-alive', 'Sec-Ch-Ua-Platform': '"macOS"', 'Authorization': 'Bearer eyJhbGciOiJIUzI1NiIsInR5cCI6IkpXVCJ9.eyJ1c2VyX2lkIjoiMGYwZTk0ZGEtODg3Yy00YmExLTg0ODktNTM1MTllZjQzNThmIiwiZW1haWwiOiJhdmluYXNobmFuZHlhbGE5MjFAZ21haWwuY29tIiwiZXhwIjoxNzMxNzYxMzEyfQ.W2370ZApqMPwy3A1s28fQi63Q7RluwfyVNILroRbpIk', 'User-Agent': 'Mozilla/5.0 (Macintosh; Intel Mac OS X 10_15_7) AppleWebKit/537.36 (KHTML, like Gecko) Chrome/130.0.0.0 Safari/537.36', 'Sec-Ch-Ua': '"Chromium";v="130", "Google Chrome";v="130", "Not?A_Brand";v="99"', 'Sec-Ch-Ua-Mobile': '?0', 'Accept': '*/*', 'Origin': 'http://localhost:8080', 'Sec-Fetch-Site': 'cross-site', 'Sec-Fetch-Mode': 'cors', 'Sec-Fetch-Dest': 'empty', 'Referer': 'http://localhost:8080/', 'Accept-Encoding': 'gzip, deflate, br, zstd', 'Accept-Language': 'en-GB,en-US;q=0.9,en;q=0.8'}
    - Data: None
    
DEBUG:urllib3.connectionpool:Starting new HTTP connection (1): localhost:5002
DEBUG:urllib3.connectionpool:http://localhost:5002 "GET /tasks/0f0e94da-887c-4ba1-8489-53519ef4358f HTTP/11" 200 286
DEBUG:routes:
    Response:
    - Status: 200
    - Headers: {'Content-Type': 'application/json', 'Content-Length': '347'}
    - Data: [
  {
    "completed_at": null,
    "created_at": "Fri, 15 Nov 2024 08:00:57 GMT",
    "deadline": "Fri, 15 Nov 2024 08:30:00 GMT",
    "is_completed": 0,
    "reminder": null,
    "task_id": "437e99eb-c0e4-4113-805c-7a9fc91aae3e",
    "task_text": "Checking ",
    "time_remaining": 0,
    "user_id": "0f0e94da-887c-4ba1-8489-53519ef4358f"
  }
]

    
INFO:werkzeug:127.0.0.1 - - [15/Nov/2024 08:00:57] "GET /tasks/0f0e94da-887c-4ba1-8489-53519ef4358f HTTP/1.1" 200 -
DEBUG:routes:
    Request:
    - Method: OPTIONS
    - URL: http://127.0.0.1:5000/tasks
    - Headers: {'Host': '127.0.0.1:5000', 'Connection': 'keep-alive', 'Accept': '*/*', 'Access-Control-Request-Method': 'POST', 'Access-Control-Request-Headers': 'authorization,content-type', 'Origin': 'http://localhost:8080', 'User-Agent': 'Mozilla/5.0 (Macintosh; Intel Mac OS X 10_15_7) AppleWebKit/537.36 (KHTML, like Gecko) Chrome/130.0.0.0 Safari/537.36', 'Sec-Fetch-Mode': 'cors', 'Sec-Fetch-Site': 'cross-site', 'Sec-Fetch-Dest': 'empty', 'Referer': 'http://localhost:8080/', 'Accept-Encoding': 'gzip, deflate, br, zstd', 'Accept-Language': 'en-GB,en-US;q=0.9,en;q=0.8'}
    - Data: None
    
DEBUG:routes:
    Response:
    - Status: 200
    - Headers: {'Content-Type': 'text/html; charset=utf-8', 'Allow': 'OPTIONS, POST'}
    - Data: 
    
INFO:werkzeug:127.0.0.1 - - [15/Nov/2024 08:01:15] "OPTIONS /tasks HTTP/1.1" 200 -
DEBUG:routes:
    Request:
    - Method: POST
    - URL: http://127.0.0.1:5000/tasks
    - Headers: {'Host': '127.0.0.1:5000', 'Connection': 'keep-alive', 'Content-Length': '95', 'Sec-Ch-Ua-Platform': '"macOS"', 'Authorization': 'Bearer eyJhbGciOiJIUzI1NiIsInR5cCI6IkpXVCJ9.eyJ1c2VyX2lkIjoiMGYwZTk0ZGEtODg3Yy00YmExLTg0ODktNTM1MTllZjQzNThmIiwiZW1haWwiOiJhdmluYXNobmFuZHlhbGE5MjFAZ21haWwuY29tIiwiZXhwIjoxNzMxNzYxMzEyfQ.W2370ZApqMPwy3A1s28fQi63Q7RluwfyVNILroRbpIk', 'User-Agent': 'Mozilla/5.0 (Macintosh; Intel Mac OS X 10_15_7) AppleWebKit/537.36 (KHTML, like Gecko) Chrome/130.0.0.0 Safari/537.36', 'Sec-Ch-Ua': '"Chromium";v="130", "Google Chrome";v="130", "Not?A_Brand";v="99"', 'Content-Type': 'application/json', 'Sec-Ch-Ua-Mobile': '?0', 'Accept': '*/*', 'Origin': 'http://localhost:8080', 'Sec-Fetch-Site': 'cross-site', 'Sec-Fetch-Mode': 'cors', 'Sec-Fetch-Dest': 'empty', 'Referer': 'http://localhost:8080/', 'Accept-Encoding': 'gzip, deflate, br, zstd', 'Accept-Language': 'en-GB,en-US;q=0.9,en;q=0.8'}
    - Data: {'user_id': '0f0e94da-887c-4ba1-8489-53519ef4358f', 'task_text': '', 'deadline': '2024-11-15T08:06'}
    
DEBUG:routes:Create task request received with data: {'user_id': '0f0e94da-887c-4ba1-8489-53519ef4358f', 'task_text': '', 'deadline': '2024-11-15T08:06'}
DEBUG:urllib3.connectionpool:Starting new HTTP connection (1): localhost:5002
DEBUG:urllib3.connectionpool:http://localhost:5002 "POST /tasks HTTP/11" 201 275
DEBUG:routes:Task created successfully, adding to suggestions
DEBUG:urllib3.connectionpool:Starting new HTTP connection (1): localhost:5003
DEBUG:urllib3.connectionpool:http://localhost:5003 "POST /suggestions/add HTTP/11" 200 52
DEBUG:routes:Suggestion service response: 200
DEBUG:routes:
    Response:
    - Status: 201
    - Headers: {'Content-Type': 'application/json', 'Content-Length': '312'}
    - Data: {
  "completed_at": null,
  "created_at": "Fri, 15 Nov 2024 08:01:15 GMT",
  "deadline": "Fri, 15 Nov 2024 08:06:00 GMT",
  "is_completed": 0,
  "reminder": null,
  "task_id": "e03732f5-8a7a-4b77-9782-f5ebd125ae23",
  "task_text": "",
  "time_remaining": 0,
  "user_id": "0f0e94da-887c-4ba1-8489-53519ef4358f"
}

    
INFO:werkzeug:127.0.0.1 - - [15/Nov/2024 08:01:15] "[35m[1mPOST /tasks HTTP/1.1[0m" 201 -
DEBUG:routes:
    Request:
    - Method: OPTIONS
    - URL: http://127.0.0.1:5000/tasks/0f0e94da-887c-4ba1-8489-53519ef4358f
    - Headers: {'Host': '127.0.0.1:5000', 'Connection': 'keep-alive', 'Accept': '*/*', 'Access-Control-Request-Method': 'GET', 'Access-Control-Request-Headers': 'authorization', 'Origin': 'http://localhost:8080', 'User-Agent': 'Mozilla/5.0 (Macintosh; Intel Mac OS X 10_15_7) AppleWebKit/537.36 (KHTML, like Gecko) Chrome/130.0.0.0 Safari/537.36', 'Sec-Fetch-Mode': 'cors', 'Sec-Fetch-Site': 'cross-site', 'Sec-Fetch-Dest': 'empty', 'Referer': 'http://localhost:8080/', 'Accept-Encoding': 'gzip, deflate, br, zstd', 'Accept-Language': 'en-GB,en-US;q=0.9,en;q=0.8'}
    - Data: None
    
DEBUG:routes:
    Response:
    - Status: 200
    - Headers: {'Content-Type': 'text/html; charset=utf-8', 'Allow': 'GET, OPTIONS, PUT, HEAD'}
    - Data: 
    
INFO:werkzeug:127.0.0.1 - - [15/Nov/2024 08:01:15] "OPTIONS /tasks/0f0e94da-887c-4ba1-8489-53519ef4358f HTTP/1.1" 200 -
DEBUG:routes:
    Request:
    - Method: GET
    - URL: http://127.0.0.1:5000/tasks/0f0e94da-887c-4ba1-8489-53519ef4358f
    - Headers: {'Host': '127.0.0.1:5000', 'Connection': 'keep-alive', 'Sec-Ch-Ua-Platform': '"macOS"', 'Authorization': 'Bearer eyJhbGciOiJIUzI1NiIsInR5cCI6IkpXVCJ9.eyJ1c2VyX2lkIjoiMGYwZTk0ZGEtODg3Yy00YmExLTg0ODktNTM1MTllZjQzNThmIiwiZW1haWwiOiJhdmluYXNobmFuZHlhbGE5MjFAZ21haWwuY29tIiwiZXhwIjoxNzMxNzYxMzEyfQ.W2370ZApqMPwy3A1s28fQi63Q7RluwfyVNILroRbpIk', 'User-Agent': 'Mozilla/5.0 (Macintosh; Intel Mac OS X 10_15_7) AppleWebKit/537.36 (KHTML, like Gecko) Chrome/130.0.0.0 Safari/537.36', 'Sec-Ch-Ua': '"Chromium";v="130", "Google Chrome";v="130", "Not?A_Brand";v="99"', 'Sec-Ch-Ua-Mobile': '?0', 'Accept': '*/*', 'Origin': 'http://localhost:8080', 'Sec-Fetch-Site': 'cross-site', 'Sec-Fetch-Mode': 'cors', 'Sec-Fetch-Dest': 'empty', 'Referer': 'http://localhost:8080/', 'Accept-Encoding': 'gzip, deflate, br, zstd', 'Accept-Language': 'en-GB,en-US;q=0.9,en;q=0.8'}
    - Data: None
    
DEBUG:urllib3.connectionpool:Starting new HTTP connection (1): localhost:5002
DEBUG:urllib3.connectionpool:http://localhost:5002 "GET /tasks/0f0e94da-887c-4ba1-8489-53519ef4358f HTTP/11" 200 561
DEBUG:routes:
    Response:
    - Status: 200
    - Headers: {'Content-Type': 'application/json', 'Content-Length': '682'}
    - Data: [
  {
    "completed_at": null,
    "created_at": "Fri, 15 Nov 2024 08:01:15 GMT",
    "deadline": "Fri, 15 Nov 2024 08:06:00 GMT",
    "is_completed": 0,
    "reminder": null,
    "task_id": "e03732f5-8a7a-4b77-9782-f5ebd125ae23",
    "task_text": "",
    "time_remaining": 0,
    "user_id": "0f0e94da-887c-4ba1-8489-53519ef4358f"
  },
  {
    "completed_at": null,
    "created_at": "Fri, 15 Nov 2024 08:00:57 GMT",
    "deadline": "Fri, 15 Nov 2024 08:30:00 GMT",
    "is_completed": 0,
    "reminder": null,
    "task_id": "437e99eb-c0e4-4113-805c-7a9fc91aae3e",
    "task_text": "Checking ",
    "time_remaining": 0,
    "user_id": "0f0e94da-887c-4ba1-8489-53519ef4358f"
  }
]

    
INFO:werkzeug:127.0.0.1 - - [15/Nov/2024 08:01:15] "GET /tasks/0f0e94da-887c-4ba1-8489-53519ef4358f HTTP/1.1" 200 -
DEBUG:routes:
    Request:
    - Method: OPTIONS
    - URL: http://127.0.0.1:5000/suggestions?q=C
    - Headers: {'Host': '127.0.0.1:5000', 'Connection': 'keep-alive', 'Accept': '*/*', 'Access-Control-Request-Method': 'GET', 'Access-Control-Request-Headers': 'authorization', 'Origin': 'http://localhost:8080', 'User-Agent': 'Mozilla/5.0 (Macintosh; Intel Mac OS X 10_15_7) AppleWebKit/537.36 (KHTML, like Gecko) Chrome/130.0.0.0 Safari/537.36', 'Sec-Fetch-Mode': 'cors', 'Sec-Fetch-Site': 'cross-site', 'Sec-Fetch-Dest': 'empty', 'Referer': 'http://localhost:8080/', 'Accept-Encoding': 'gzip, deflate, br, zstd', 'Accept-Language': 'en-GB,en-US;q=0.9,en;q=0.8'}
    - Data: None
    
DEBUG:routes:
    Response:
    - Status: 200
    - Headers: {'Content-Type': 'text/html; charset=utf-8', 'Allow': 'GET, OPTIONS, HEAD'}
    - Data: 
    
INFO:werkzeug:127.0.0.1 - - [15/Nov/2024 08:01:21] "OPTIONS /suggestions?q=C HTTP/1.1" 200 -
DEBUG:routes:
    Request:
    - Method: GET
    - URL: http://127.0.0.1:5000/suggestions?q=C
    - Headers: {'Host': '127.0.0.1:5000', 'Connection': 'keep-alive', 'Sec-Ch-Ua-Platform': '"macOS"', 'Authorization': 'Bearer eyJhbGciOiJIUzI1NiIsInR5cCI6IkpXVCJ9.eyJ1c2VyX2lkIjoiMGYwZTk0ZGEtODg3Yy00YmExLTg0ODktNTM1MTllZjQzNThmIiwiZW1haWwiOiJhdmluYXNobmFuZHlhbGE5MjFAZ21haWwuY29tIiwiZXhwIjoxNzMxNzYxMzEyfQ.W2370ZApqMPwy3A1s28fQi63Q7RluwfyVNILroRbpIk', 'User-Agent': 'Mozilla/5.0 (Macintosh; Intel Mac OS X 10_15_7) AppleWebKit/537.36 (KHTML, like Gecko) Chrome/130.0.0.0 Safari/537.36', 'Sec-Ch-Ua': '"Chromium";v="130", "Google Chrome";v="130", "Not?A_Brand";v="99"', 'Sec-Ch-Ua-Mobile': '?0', 'Accept': '*/*', 'Origin': 'http://localhost:8080', 'Sec-Fetch-Site': 'cross-site', 'Sec-Fetch-Mode': 'cors', 'Sec-Fetch-Dest': 'empty', 'Referer': 'http://localhost:8080/', 'Accept-Encoding': 'gzip, deflate, br, zstd', 'Accept-Language': 'en-GB,en-US;q=0.9,en;q=0.8'}
    - Data: None
    
DEBUG:urllib3.connectionpool:Starting new HTTP connection (1): localhost:5003
DEBUG:urllib3.connectionpool:http://localhost:5003 "GET /suggestions?q=C HTTP/11" 200 53
DEBUG:routes:
    Response:
    - Status: 200
    - Headers: {'Content-Type': 'application/json', 'Content-Length': '78'}
    - Data: [
  {
    "frequency": 1,
    "score": 0.8,
    "task_text": "checking"
  }
]

    
INFO:werkzeug:127.0.0.1 - - [15/Nov/2024 08:01:21] "GET /suggestions?q=C HTTP/1.1" 200 -
DEBUG:routes:
    Request:
    - Method: OPTIONS
    - URL: http://127.0.0.1:5000/suggestions?q=Checking
    - Headers: {'Host': '127.0.0.1:5000', 'Connection': 'keep-alive', 'Accept': '*/*', 'Access-Control-Request-Method': 'GET', 'Access-Control-Request-Headers': 'authorization', 'Origin': 'http://localhost:8080', 'User-Agent': 'Mozilla/5.0 (Macintosh; Intel Mac OS X 10_15_7) AppleWebKit/537.36 (KHTML, like Gecko) Chrome/130.0.0.0 Safari/537.36', 'Sec-Fetch-Mode': 'cors', 'Sec-Fetch-Site': 'cross-site', 'Sec-Fetch-Dest': 'empty', 'Referer': 'http://localhost:8080/', 'Accept-Encoding': 'gzip, deflate, br, zstd', 'Accept-Language': 'en-GB,en-US;q=0.9,en;q=0.8'}
    - Data: None
    
DEBUG:routes:
    Response:
    - Status: 200
    - Headers: {'Content-Type': 'text/html; charset=utf-8', 'Allow': 'GET, OPTIONS, HEAD'}
    - Data: 
    
INFO:werkzeug:127.0.0.1 - - [15/Nov/2024 08:01:22] "OPTIONS /suggestions?q=Checking HTTP/1.1" 200 -
DEBUG:routes:
    Request:
    - Method: GET
    - URL: http://127.0.0.1:5000/suggestions?q=Checking
    - Headers: {'Host': '127.0.0.1:5000', 'Connection': 'keep-alive', 'Sec-Ch-Ua-Platform': '"macOS"', 'Authorization': 'Bearer eyJhbGciOiJIUzI1NiIsInR5cCI6IkpXVCJ9.eyJ1c2VyX2lkIjoiMGYwZTk0ZGEtODg3Yy00YmExLTg0ODktNTM1MTllZjQzNThmIiwiZW1haWwiOiJhdmluYXNobmFuZHlhbGE5MjFAZ21haWwuY29tIiwiZXhwIjoxNzMxNzYxMzEyfQ.W2370ZApqMPwy3A1s28fQi63Q7RluwfyVNILroRbpIk', 'User-Agent': 'Mozilla/5.0 (Macintosh; Intel Mac OS X 10_15_7) AppleWebKit/537.36 (KHTML, like Gecko) Chrome/130.0.0.0 Safari/537.36', 'Sec-Ch-Ua': '"Chromium";v="130", "Google Chrome";v="130", "Not?A_Brand";v="99"', 'Sec-Ch-Ua-Mobile': '?0', 'Accept': '*/*', 'Origin': 'http://localhost:8080', 'Sec-Fetch-Site': 'cross-site', 'Sec-Fetch-Mode': 'cors', 'Sec-Fetch-Dest': 'empty', 'Referer': 'http://localhost:8080/', 'Accept-Encoding': 'gzip, deflate, br, zstd', 'Accept-Language': 'en-GB,en-US;q=0.9,en;q=0.8'}
    - Data: None
    
DEBUG:urllib3.connectionpool:Starting new HTTP connection (1): localhost:5003
DEBUG:urllib3.connectionpool:http://localhost:5003 "GET /suggestions?q=Checking HTTP/11" 200 53
DEBUG:routes:
    Response:
    - Status: 200
    - Headers: {'Content-Type': 'application/json', 'Content-Length': '78'}
    - Data: [
  {
    "frequency": 1,
    "score": 1.0,
    "task_text": "checking"
  }
]

    
INFO:werkzeug:127.0.0.1 - - [15/Nov/2024 08:01:23] "GET /suggestions?q=Checking HTTP/1.1" 200 -
DEBUG:routes:
    Request:
    - Method: OPTIONS
    - URL: http://127.0.0.1:5000/tasks
    - Headers: {'Host': '127.0.0.1:5000', 'Connection': 'keep-alive', 'Accept': '*/*', 'Access-Control-Request-Method': 'POST', 'Access-Control-Request-Headers': 'authorization,content-type', 'Origin': 'http://localhost:8080', 'User-Agent': 'Mozilla/5.0 (Macintosh; Intel Mac OS X 10_15_7) AppleWebKit/537.36 (KHTML, like Gecko) Chrome/130.0.0.0 Safari/537.36', 'Sec-Fetch-Mode': 'cors', 'Sec-Fetch-Site': 'cross-site', 'Sec-Fetch-Dest': 'empty', 'Referer': 'http://localhost:8080/', 'Accept-Encoding': 'gzip, deflate, br, zstd', 'Accept-Language': 'en-GB,en-US;q=0.9,en;q=0.8'}
    - Data: None
    
DEBUG:routes:
    Response:
    - Status: 200
    - Headers: {'Content-Type': 'text/html; charset=utf-8', 'Allow': 'OPTIONS, POST'}
    - Data: 
    
INFO:werkzeug:127.0.0.1 - - [15/Nov/2024 08:01:30] "OPTIONS /tasks HTTP/1.1" 200 -
DEBUG:routes:
    Request:
    - Method: POST
    - URL: http://127.0.0.1:5000/tasks
    - Headers: {'Host': '127.0.0.1:5000', 'Connection': 'keep-alive', 'Content-Length': '103', 'Sec-Ch-Ua-Platform': '"macOS"', 'Authorization': 'Bearer eyJhbGciOiJIUzI1NiIsInR5cCI6IkpXVCJ9.eyJ1c2VyX2lkIjoiMGYwZTk0ZGEtODg3Yy00YmExLTg0ODktNTM1MTllZjQzNThmIiwiZW1haWwiOiJhdmluYXNobmFuZHlhbGE5MjFAZ21haWwuY29tIiwiZXhwIjoxNzMxNzYxMzEyfQ.W2370ZApqMPwy3A1s28fQi63Q7RluwfyVNILroRbpIk', 'User-Agent': 'Mozilla/5.0 (Macintosh; Intel Mac OS X 10_15_7) AppleWebKit/537.36 (KHTML, like Gecko) Chrome/130.0.0.0 Safari/537.36', 'Sec-Ch-Ua': '"Chromium";v="130", "Google Chrome";v="130", "Not?A_Brand";v="99"', 'Content-Type': 'application/json', 'Sec-Ch-Ua-Mobile': '?0', 'Accept': '*/*', 'Origin': 'http://localhost:8080', 'Sec-Fetch-Site': 'cross-site', 'Sec-Fetch-Mode': 'cors', 'Sec-Fetch-Dest': 'empty', 'Referer': 'http://localhost:8080/', 'Accept-Encoding': 'gzip, deflate, br, zstd', 'Accept-Language': 'en-GB,en-US;q=0.9,en;q=0.8'}
    - Data: {'user_id': '0f0e94da-887c-4ba1-8489-53519ef4358f', 'task_text': 'checking', 'deadline': '2024-11-15T20:10'}
    
DEBUG:routes:Create task request received with data: {'user_id': '0f0e94da-887c-4ba1-8489-53519ef4358f', 'task_text': 'checking', 'deadline': '2024-11-15T20:10'}
DEBUG:urllib3.connectionpool:Starting new HTTP connection (1): localhost:5002
DEBUG:urllib3.connectionpool:http://localhost:5002 "POST /tasks HTTP/11" 201 294
DEBUG:routes:Task created successfully, adding to suggestions
DEBUG:urllib3.connectionpool:Starting new HTTP connection (1): localhost:5003
DEBUG:urllib3.connectionpool:http://localhost:5003 "POST /suggestions/add HTTP/11" 200 52
DEBUG:routes:Suggestion service response: 200
DEBUG:routes:
    Response:
    - Status: 201
    - Headers: {'Content-Type': 'application/json', 'Content-Length': '331'}
    - Data: {
  "completed_at": null,
  "created_at": "Fri, 15 Nov 2024 08:01:30 GMT",
  "deadline": "Fri, 15 Nov 2024 20:10:00 GMT",
  "is_completed": 0,
  "reminder": null,
  "task_id": "a75b3a21-5706-4ddb-a06d-fdff8bbf8362",
  "task_text": "checking",
  "time_remaining": 25709.357363,
  "user_id": "0f0e94da-887c-4ba1-8489-53519ef4358f"
}

    
INFO:werkzeug:127.0.0.1 - - [15/Nov/2024 08:01:30] "[35m[1mPOST /tasks HTTP/1.1[0m" 201 -
DEBUG:routes:
    Request:
    - Method: OPTIONS
    - URL: http://127.0.0.1:5000/tasks/0f0e94da-887c-4ba1-8489-53519ef4358f
    - Headers: {'Host': '127.0.0.1:5000', 'Connection': 'keep-alive', 'Accept': '*/*', 'Access-Control-Request-Method': 'GET', 'Access-Control-Request-Headers': 'authorization', 'Origin': 'http://localhost:8080', 'User-Agent': 'Mozilla/5.0 (Macintosh; Intel Mac OS X 10_15_7) AppleWebKit/537.36 (KHTML, like Gecko) Chrome/130.0.0.0 Safari/537.36', 'Sec-Fetch-Mode': 'cors', 'Sec-Fetch-Site': 'cross-site', 'Sec-Fetch-Dest': 'empty', 'Referer': 'http://localhost:8080/', 'Accept-Encoding': 'gzip, deflate, br, zstd', 'Accept-Language': 'en-GB,en-US;q=0.9,en;q=0.8'}
    - Data: None
    
DEBUG:routes:
    Response:
    - Status: 200
    - Headers: {'Content-Type': 'text/html; charset=utf-8', 'Allow': 'GET, OPTIONS, PUT, HEAD'}
    - Data: 
    
INFO:werkzeug:127.0.0.1 - - [15/Nov/2024 08:01:30] "OPTIONS /tasks/0f0e94da-887c-4ba1-8489-53519ef4358f HTTP/1.1" 200 -
DEBUG:routes:
    Request:
    - Method: GET
    - URL: http://127.0.0.1:5000/tasks/0f0e94da-887c-4ba1-8489-53519ef4358f
    - Headers: {'Host': '127.0.0.1:5000', 'Connection': 'keep-alive', 'Sec-Ch-Ua-Platform': '"macOS"', 'Authorization': 'Bearer eyJhbGciOiJIUzI1NiIsInR5cCI6IkpXVCJ9.eyJ1c2VyX2lkIjoiMGYwZTk0ZGEtODg3Yy00YmExLTg0ODktNTM1MTllZjQzNThmIiwiZW1haWwiOiJhdmluYXNobmFuZHlhbGE5MjFAZ21haWwuY29tIiwiZXhwIjoxNzMxNzYxMzEyfQ.W2370ZApqMPwy3A1s28fQi63Q7RluwfyVNILroRbpIk', 'User-Agent': 'Mozilla/5.0 (Macintosh; Intel Mac OS X 10_15_7) AppleWebKit/537.36 (KHTML, like Gecko) Chrome/130.0.0.0 Safari/537.36', 'Sec-Ch-Ua': '"Chromium";v="130", "Google Chrome";v="130", "Not?A_Brand";v="99"', 'Sec-Ch-Ua-Mobile': '?0', 'Accept': '*/*', 'Origin': 'http://localhost:8080', 'Sec-Fetch-Site': 'cross-site', 'Sec-Fetch-Mode': 'cors', 'Sec-Fetch-Dest': 'empty', 'Referer': 'http://localhost:8080/', 'Accept-Encoding': 'gzip, deflate, br, zstd', 'Accept-Language': 'en-GB,en-US;q=0.9,en;q=0.8'}
    - Data: None
    
DEBUG:urllib3.connectionpool:Starting new HTTP connection (1): localhost:5002
DEBUG:urllib3.connectionpool:http://localhost:5002 "GET /tasks/0f0e94da-887c-4ba1-8489-53519ef4358f HTTP/11" 200 855
DEBUG:routes:
    Response:
    - Status: 200
    - Headers: {'Content-Type': 'application/json', 'Content-Length': '1036'}
    - Data: [
  {
    "completed_at": null,
    "created_at": "Fri, 15 Nov 2024 08:01:30 GMT",
    "deadline": "Fri, 15 Nov 2024 20:10:00 GMT",
    "is_completed": 0,
    "reminder": null,
    "task_id": "a75b3a21-5706-4ddb-a06d-fdff8bbf8362",
    "task_text": "checking",
    "time_remaining": 25709.324387,
    "user_id": "0f0e94da-887c-4ba1-8489-53519ef4358f"
  },
  {
    "completed_at": null,
    "created_at": "Fri, 15 Nov 2024 08:01:15 GMT",
    "deadline": "Fri, 15 Nov 2024 08:06:00 GMT",
    "is_completed": 0,
    "reminder": null,
    "task_id": "e03732f5-8a7a-4b77-9782-f5ebd125ae23",
    "task_text": "",
    "time_remaining": 0,
    "user_id": "0f0e94da-887c-4ba1-8489-53519ef4358f"
  },
  {
    "completed_at": null,
    "created_at": "Fri, 15 Nov 2024 08:00:57 GMT",
    "deadline": "Fri, 15 Nov 2024 08:30:00 GMT",
    "is_completed": 0,
    "reminder": null,
    "task_id": "437e99eb-c0e4-4113-805c-7a9fc91aae3e",
    "task_text": "Checking ",
    "time_remaining": 0,
    "user_id": "0f0e94da-887c-4ba1-8489-53519ef4358f"
  }
]

    
INFO:werkzeug:127.0.0.1 - - [15/Nov/2024 08:01:30] "GET /tasks/0f0e94da-887c-4ba1-8489-53519ef4358f HTTP/1.1" 200 -
DEBUG:routes:
    Request:
    - Method: OPTIONS
    - URL: http://127.0.0.1:5000/tasks/0f0e94da-887c-4ba1-8489-53519ef4358f
    - Headers: {'Host': '127.0.0.1:5000', 'Connection': 'keep-alive', 'Accept': '*/*', 'Access-Control-Request-Method': 'GET', 'Access-Control-Request-Headers': 'authorization', 'Origin': 'http://localhost:8080', 'User-Agent': 'Mozilla/5.0 (Macintosh; Intel Mac OS X 10_15_7) AppleWebKit/537.36 (KHTML, like Gecko) Chrome/130.0.0.0 Safari/537.36', 'Sec-Fetch-Mode': 'cors', 'Sec-Fetch-Site': 'cross-site', 'Sec-Fetch-Dest': 'empty', 'Referer': 'http://localhost:8080/', 'Accept-Encoding': 'gzip, deflate, br, zstd', 'Accept-Language': 'en-GB,en-US;q=0.9,en;q=0.8'}
    - Data: None
    
DEBUG:routes:
    Request:
    - Method: OPTIONS
    - URL: http://127.0.0.1:5000/tasks?status=pending
    - Headers: {'Host': '127.0.0.1:5000', 'Connection': 'keep-alive', 'Accept': '*/*', 'Access-Control-Request-Method': 'GET', 'Access-Control-Request-Headers': 'authorization', 'Origin': 'http://localhost:8080', 'User-Agent': 'Mozilla/5.0 (Macintosh; Intel Mac OS X 10_15_7) AppleWebKit/537.36 (KHTML, like Gecko) Chrome/130.0.0.0 Safari/537.36', 'Sec-Fetch-Mode': 'cors', 'Sec-Fetch-Site': 'cross-site', 'Sec-Fetch-Dest': 'empty', 'Referer': 'http://localhost:8080/', 'Accept-Encoding': 'gzip, deflate, br, zstd', 'Accept-Language': 'en-GB,en-US;q=0.9,en;q=0.8'}
    - Data: None
    
DEBUG:routes:
    Response:
    - Status: 200
    - Headers: {'Content-Type': 'text/html; charset=utf-8', 'Allow': 'GET, OPTIONS, PUT, HEAD'}
    - Data: 
    
DEBUG:routes:
    Response:
    - Status: 200
    - Headers: {'Content-Type': 'text/html; charset=utf-8', 'Allow': 'OPTIONS, POST'}
    - Data: 
    
INFO:werkzeug:127.0.0.1 - - [15/Nov/2024 08:01:41] "OPTIONS /tasks/0f0e94da-887c-4ba1-8489-53519ef4358f HTTP/1.1" 200 -
INFO:werkzeug:127.0.0.1 - - [15/Nov/2024 08:01:41] "OPTIONS /tasks?status=pending HTTP/1.1" 200 -
DEBUG:routes:
    Request:
    - Method: GET
    - URL: http://127.0.0.1:5000/tasks/0f0e94da-887c-4ba1-8489-53519ef4358f
    - Headers: {'Host': '127.0.0.1:5000', 'Connection': 'keep-alive', 'Sec-Ch-Ua-Platform': '"macOS"', 'Authorization': 'Bearer eyJhbGciOiJIUzI1NiIsInR5cCI6IkpXVCJ9.eyJ1c2VyX2lkIjoiMGYwZTk0ZGEtODg3Yy00YmExLTg0ODktNTM1MTllZjQzNThmIiwiZW1haWwiOiJhdmluYXNobmFuZHlhbGE5MjFAZ21haWwuY29tIiwiZXhwIjoxNzMxNzYxMzEyfQ.W2370ZApqMPwy3A1s28fQi63Q7RluwfyVNILroRbpIk', 'User-Agent': 'Mozilla/5.0 (Macintosh; Intel Mac OS X 10_15_7) AppleWebKit/537.36 (KHTML, like Gecko) Chrome/130.0.0.0 Safari/537.36', 'Sec-Ch-Ua': '"Chromium";v="130", "Google Chrome";v="130", "Not?A_Brand";v="99"', 'Sec-Ch-Ua-Mobile': '?0', 'Accept': '*/*', 'Origin': 'http://localhost:8080', 'Sec-Fetch-Site': 'cross-site', 'Sec-Fetch-Mode': 'cors', 'Sec-Fetch-Dest': 'empty', 'Referer': 'http://localhost:8080/', 'Accept-Encoding': 'gzip, deflate, br, zstd', 'Accept-Language': 'en-GB,en-US;q=0.9,en;q=0.8'}
    - Data: None
    
DEBUG:routes:
    Request:
    - Method: GET
    - URL: http://127.0.0.1:5000/tasks?status=pending
    - Headers: {'Host': '127.0.0.1:5000', 'Connection': 'keep-alive', 'Sec-Ch-Ua-Platform': '"macOS"', 'Authorization': 'Bearer eyJhbGciOiJIUzI1NiIsInR5cCI6IkpXVCJ9.eyJ1c2VyX2lkIjoiMGYwZTk0ZGEtODg3Yy00YmExLTg0ODktNTM1MTllZjQzNThmIiwiZW1haWwiOiJhdmluYXNobmFuZHlhbGE5MjFAZ21haWwuY29tIiwiZXhwIjoxNzMxNzYxMzEyfQ.W2370ZApqMPwy3A1s28fQi63Q7RluwfyVNILroRbpIk', 'User-Agent': 'Mozilla/5.0 (Macintosh; Intel Mac OS X 10_15_7) AppleWebKit/537.36 (KHTML, like Gecko) Chrome/130.0.0.0 Safari/537.36', 'Sec-Ch-Ua': '"Chromium";v="130", "Google Chrome";v="130", "Not?A_Brand";v="99"', 'Sec-Ch-Ua-Mobile': '?0', 'Accept': '*/*', 'Origin': 'http://localhost:8080', 'Sec-Fetch-Site': 'cross-site', 'Sec-Fetch-Mode': 'cors', 'Sec-Fetch-Dest': 'empty', 'Referer': 'http://localhost:8080/', 'Accept-Encoding': 'gzip, deflate, br, zstd', 'Accept-Language': 'en-GB,en-US;q=0.9,en;q=0.8'}
    - Data: None
    
DEBUG:routes:
    Response:
    - Status: 405
    - Headers: {'Content-Type': 'text/html; charset=utf-8', 'Allow': 'OPTIONS, POST', 'Content-Length': '153', 'Access-Control-Allow-Origin': 'http://localhost:8080', 'Vary': 'Origin'}
    - Data: <!doctype html>
<html lang=en>
<title>405 Method Not Allowed</title>
<h1>Method Not Allowed</h1>
<p>The method is not allowed for the requested URL.</p>

    
INFO:werkzeug:127.0.0.1 - - [15/Nov/2024 08:01:41] "[31m[1mGET /tasks?status=pending HTTP/1.1[0m" 405 -
DEBUG:urllib3.connectionpool:Starting new HTTP connection (1): localhost:5002
DEBUG:urllib3.connectionpool:http://localhost:5002 "GET /tasks/0f0e94da-887c-4ba1-8489-53519ef4358f HTTP/11" 200 855
DEBUG:routes:
    Response:
    - Status: 200
    - Headers: {'Content-Type': 'application/json', 'Content-Length': '1036'}
    - Data: [
  {
    "completed_at": null,
    "created_at": "Fri, 15 Nov 2024 08:01:30 GMT",
    "deadline": "Fri, 15 Nov 2024 20:10:00 GMT",
    "is_completed": 0,
    "reminder": null,
    "task_id": "a75b3a21-5706-4ddb-a06d-fdff8bbf8362",
    "task_text": "checking",
    "time_remaining": 25698.057667,
    "user_id": "0f0e94da-887c-4ba1-8489-53519ef4358f"
  },
  {
    "completed_at": null,
    "created_at": "Fri, 15 Nov 2024 08:01:15 GMT",
    "deadline": "Fri, 15 Nov 2024 08:06:00 GMT",
    "is_completed": 0,
    "reminder": null,
    "task_id": "e03732f5-8a7a-4b77-9782-f5ebd125ae23",
    "task_text": "",
    "time_remaining": 0,
    "user_id": "0f0e94da-887c-4ba1-8489-53519ef4358f"
  },
  {
    "completed_at": null,
    "created_at": "Fri, 15 Nov 2024 08:00:57 GMT",
    "deadline": "Fri, 15 Nov 2024 08:30:00 GMT",
    "is_completed": 0,
    "reminder": null,
    "task_id": "437e99eb-c0e4-4113-805c-7a9fc91aae3e",
    "task_text": "Checking ",
    "time_remaining": 0,
    "user_id": "0f0e94da-887c-4ba1-8489-53519ef4358f"
  }
]

    
INFO:werkzeug:127.0.0.1 - - [15/Nov/2024 08:01:41] "GET /tasks/0f0e94da-887c-4ba1-8489-53519ef4358f HTTP/1.1" 200 -
DEBUG:routes:
    Request:
    - Method: OPTIONS
    - URL: http://127.0.0.1:5000/tasks/0f0e94da-887c-4ba1-8489-53519ef4358f
    - Headers: {'Host': '127.0.0.1:5000', 'Connection': 'keep-alive', 'Accept': '*/*', 'Access-Control-Request-Method': 'GET', 'Access-Control-Request-Headers': 'authorization', 'Origin': 'http://localhost:8080', 'User-Agent': 'Mozilla/5.0 (Macintosh; Intel Mac OS X 10_15_7) AppleWebKit/537.36 (KHTML, like Gecko) Chrome/130.0.0.0 Safari/537.36', 'Sec-Fetch-Mode': 'cors', 'Sec-Fetch-Site': 'cross-site', 'Sec-Fetch-Dest': 'empty', 'Referer': 'http://localhost:8080/', 'Accept-Encoding': 'gzip, deflate, br, zstd', 'Accept-Language': 'en-GB,en-US;q=0.9,en;q=0.8'}
    - Data: None
    
DEBUG:routes:
    Request:
    - Method: OPTIONS
    - URL: http://127.0.0.1:5000/tasks?status=pending
    - Headers: {'Host': '127.0.0.1:5000', 'Connection': 'keep-alive', 'Accept': '*/*', 'Access-Control-Request-Method': 'GET', 'Access-Control-Request-Headers': 'authorization', 'Origin': 'http://localhost:8080', 'User-Agent': 'Mozilla/5.0 (Macintosh; Intel Mac OS X 10_15_7) AppleWebKit/537.36 (KHTML, like Gecko) Chrome/130.0.0.0 Safari/537.36', 'Sec-Fetch-Mode': 'cors', 'Sec-Fetch-Site': 'cross-site', 'Sec-Fetch-Dest': 'empty', 'Referer': 'http://localhost:8080/', 'Accept-Encoding': 'gzip, deflate, br, zstd', 'Accept-Language': 'en-GB,en-US;q=0.9,en;q=0.8'}
    - Data: None
    
DEBUG:routes:
    Response:
    - Status: 200
    - Headers: {'Content-Type': 'text/html; charset=utf-8', 'Allow': 'GET, OPTIONS, PUT, HEAD'}
    - Data: 
    
DEBUG:routes:
    Response:
    - Status: 200
    - Headers: {'Content-Type': 'text/html; charset=utf-8', 'Allow': 'OPTIONS, POST'}
    - Data: 
    
INFO:werkzeug:127.0.0.1 - - [15/Nov/2024 08:02:07] "OPTIONS /tasks/0f0e94da-887c-4ba1-8489-53519ef4358f HTTP/1.1" 200 -
INFO:werkzeug:127.0.0.1 - - [15/Nov/2024 08:02:07] "OPTIONS /tasks?status=pending HTTP/1.1" 200 -
DEBUG:routes:
    Request:
    - Method: GET
    - URL: http://127.0.0.1:5000/tasks/0f0e94da-887c-4ba1-8489-53519ef4358f
    - Headers: {'Host': '127.0.0.1:5000', 'Connection': 'keep-alive', 'Sec-Ch-Ua-Platform': '"macOS"', 'Authorization': 'Bearer eyJhbGciOiJIUzI1NiIsInR5cCI6IkpXVCJ9.eyJ1c2VyX2lkIjoiMGYwZTk0ZGEtODg3Yy00YmExLTg0ODktNTM1MTllZjQzNThmIiwiZW1haWwiOiJhdmluYXNobmFuZHlhbGE5MjFAZ21haWwuY29tIiwiZXhwIjoxNzMxNzYxMzEyfQ.W2370ZApqMPwy3A1s28fQi63Q7RluwfyVNILroRbpIk', 'User-Agent': 'Mozilla/5.0 (Macintosh; Intel Mac OS X 10_15_7) AppleWebKit/537.36 (KHTML, like Gecko) Chrome/130.0.0.0 Safari/537.36', 'Sec-Ch-Ua': '"Chromium";v="130", "Google Chrome";v="130", "Not?A_Brand";v="99"', 'Sec-Ch-Ua-Mobile': '?0', 'Accept': '*/*', 'Origin': 'http://localhost:8080', 'Sec-Fetch-Site': 'cross-site', 'Sec-Fetch-Mode': 'cors', 'Sec-Fetch-Dest': 'empty', 'Referer': 'http://localhost:8080/', 'Accept-Encoding': 'gzip, deflate, br, zstd', 'Accept-Language': 'en-GB,en-US;q=0.9,en;q=0.8'}
    - Data: None
    
DEBUG:routes:
    Request:
    - Method: GET
    - URL: http://127.0.0.1:5000/tasks?status=pending
    - Headers: {'Host': '127.0.0.1:5000', 'Connection': 'keep-alive', 'Sec-Ch-Ua-Platform': '"macOS"', 'Authorization': 'Bearer eyJhbGciOiJIUzI1NiIsInR5cCI6IkpXVCJ9.eyJ1c2VyX2lkIjoiMGYwZTk0ZGEtODg3Yy00YmExLTg0ODktNTM1MTllZjQzNThmIiwiZW1haWwiOiJhdmluYXNobmFuZHlhbGE5MjFAZ21haWwuY29tIiwiZXhwIjoxNzMxNzYxMzEyfQ.W2370ZApqMPwy3A1s28fQi63Q7RluwfyVNILroRbpIk', 'User-Agent': 'Mozilla/5.0 (Macintosh; Intel Mac OS X 10_15_7) AppleWebKit/537.36 (KHTML, like Gecko) Chrome/130.0.0.0 Safari/537.36', 'Sec-Ch-Ua': '"Chromium";v="130", "Google Chrome";v="130", "Not?A_Brand";v="99"', 'Sec-Ch-Ua-Mobile': '?0', 'Accept': '*/*', 'Origin': 'http://localhost:8080', 'Sec-Fetch-Site': 'cross-site', 'Sec-Fetch-Mode': 'cors', 'Sec-Fetch-Dest': 'empty', 'Referer': 'http://localhost:8080/', 'Accept-Encoding': 'gzip, deflate, br, zstd', 'Accept-Language': 'en-GB,en-US;q=0.9,en;q=0.8'}
    - Data: None
    
DEBUG:routes:
    Response:
    - Status: 405
    - Headers: {'Content-Type': 'text/html; charset=utf-8', 'Allow': 'OPTIONS, POST', 'Content-Length': '153', 'Access-Control-Allow-Origin': 'http://localhost:8080', 'Vary': 'Origin'}
    - Data: <!doctype html>
<html lang=en>
<title>405 Method Not Allowed</title>
<h1>Method Not Allowed</h1>
<p>The method is not allowed for the requested URL.</p>

    
INFO:werkzeug:127.0.0.1 - - [15/Nov/2024 08:02:07] "[31m[1mGET /tasks?status=pending HTTP/1.1[0m" 405 -
DEBUG:urllib3.connectionpool:Starting new HTTP connection (1): localhost:5002
DEBUG:urllib3.connectionpool:http://localhost:5002 "GET /tasks/0f0e94da-887c-4ba1-8489-53519ef4358f HTTP/11" 200 855
DEBUG:routes:
    Response:
    - Status: 200
    - Headers: {'Content-Type': 'application/json', 'Content-Length': '1036'}
    - Data: [
  {
    "completed_at": null,
    "created_at": "Fri, 15 Nov 2024 08:01:30 GMT",
    "deadline": "Fri, 15 Nov 2024 20:10:00 GMT",
    "is_completed": 0,
    "reminder": null,
    "task_id": "a75b3a21-5706-4ddb-a06d-fdff8bbf8362",
    "task_text": "checking",
    "time_remaining": 25672.748466,
    "user_id": "0f0e94da-887c-4ba1-8489-53519ef4358f"
  },
  {
    "completed_at": null,
    "created_at": "Fri, 15 Nov 2024 08:01:15 GMT",
    "deadline": "Fri, 15 Nov 2024 08:06:00 GMT",
    "is_completed": 0,
    "reminder": null,
    "task_id": "e03732f5-8a7a-4b77-9782-f5ebd125ae23",
    "task_text": "",
    "time_remaining": 0,
    "user_id": "0f0e94da-887c-4ba1-8489-53519ef4358f"
  },
  {
    "completed_at": null,
    "created_at": "Fri, 15 Nov 2024 08:00:57 GMT",
    "deadline": "Fri, 15 Nov 2024 08:30:00 GMT",
    "is_completed": 0,
    "reminder": null,
    "task_id": "437e99eb-c0e4-4113-805c-7a9fc91aae3e",
    "task_text": "Checking ",
    "time_remaining": 0,
    "user_id": "0f0e94da-887c-4ba1-8489-53519ef4358f"
  }
]

    
INFO:werkzeug:127.0.0.1 - - [15/Nov/2024 08:02:07] "GET /tasks/0f0e94da-887c-4ba1-8489-53519ef4358f HTTP/1.1" 200 -
