::1 - - [17/Nov/2024 01:08:22] "GET /templates/index.html HTTP/1.1" 304 -
::1 - - [17/Nov/2024 01:08:22] "GET /static/js/tasks.js HTTP/1.1" 200 -
::1 - - [17/Nov/2024 01:08:22] "GET /static/js/auth.js HTTP/1.1" 304 -
::1 - - [17/Nov/2024 01:08:22] "GET /static/js/suggestions.js HTTP/1.1" 304 -
::1 - - [17/Nov/2024 01:09:06] "GET /templates/index.html HTTP/1.1" 200 -
::1 - - [17/Nov/2024 01:09:06] "GET /static/js/tasks.js HTTP/1.1" 304 -
::1 - - [17/Nov/2024 01:11:06] "GET /templates/index.html HTTP/1.1" 200 -
::1 - - [17/Nov/2024 01:11:06] "GET /static/js/auth.js HTTP/1.1" 304 -
::1 - - [17/Nov/2024 01:11:06] "GET /static/js/suggestions.js HTTP/1.1" 304 -
::1 - - [17/Nov/2024 01:11:06] "GET /static/js/tasks.js HTTP/1.1" 304 -
::1 - - [17/Nov/2024 01:11:37] "GET /templates/index.html HTTP/1.1" 304 -
::1 - - [17/Nov/2024 01:11:37] "GET /static/js/tasks.js HTTP/1.1" 200 -
::1 - - [17/Nov/2024 01:14:12] "GET /templates/login.html HTTP/1.1" 304 -
::1 - - [17/Nov/2024 01:14:12] "GET /static/js/auth.js HTTP/1.1" 304 -
::1 - - [17/Nov/2024 01:14:17] "GET /templates/login.html HTTP/1.1" 200 -
::1 - - [17/Nov/2024 01:14:17] "GET /static/css/style.css HTTP/1.1" 200 -
::1 - - [17/Nov/2024 01:14:17] "GET /static/js/auth.js HTTP/1.1" 200 -
::1 - - [17/Nov/2024 01:14:22] "GET /templates/index.html HTTP/1.1" 200 -
::1 - - [17/Nov/2024 01:14:22] "GET /static/js/tasks.js HTTP/1.1" 200 -
::1 - - [17/Nov/2024 01:14:22] "GET /static/js/suggestions.js HTTP/1.1" 200 -
::1 - - [17/Nov/2024 01:14:22] "GET /static/favicon.svg HTTP/1.1" 200 -
